<?xml version="1.0" encoding="UTF-8"?>
<!-- Generated by org.testng.reporters.JUnitXMLReporter -->
<testsuite ignored="2" hostname="vinz" failures="0" tests="2" name="RegressionTest" time="0.004" errors="0" timestamp="2021-11-05T20:41:48 MDT">
  <testcase classname="org.learning.com.DemoA" name="test" time="0.0"/>
  <testcase classname="org.learning.com.ExecutionOrder" name="myTest" time="0.0"/>
  <testcase classname="org.learning.com.DemoA" name="test1" time="0.0">
    <ignored/>
  </testcase> <!-- test1 -->
  <testcase classname="org.learning.com.ExecutionOrder" name="myTest1" time="0.0">
    <ignored/>
  </testcase> <!-- myTest1 -->
</testsuite> <!-- RegressionTest -->
