<?xml version="1.0" encoding="UTF-8"?>
<testng-results ignored="0" total="1" passed="1" failed="0" skipped="0">
  <reporter-output>
  </reporter-output>
  <suite started-at="2021-11-29T19:45:09 MST" name="All Test Suite" finished-at="2021-11-29T19:45:15 MST" duration-ms="5651">
    <groups>
    </groups>
    <test started-at="2021-11-29T19:45:09 MST" name="C:/Users/Owner/workspace/learningautomation/src/main/java/org/learningselenium/com/Facebook.java" finished-at="2021-11-29T19:45:15 MST" duration-ms="5651">
      <class name="org.learningselenium.com.Facebook">
        <test-method signature="faceBook()[pri:0, instance:org.learningselenium.com.Facebook@51931956]" started-at="2021-11-29T19:45:09 MST" name="faceBook" finished-at="2021-11-29T19:45:15 MST" duration-ms="5622" status="PASS">
          <reporter-output>
          </reporter-output>
        </test-method> <!-- faceBook -->
      </class> <!-- org.learningselenium.com.Facebook -->
    </test> <!-- C:/Users/Owner/workspace/learningautomation/src/main/java/org/learningselenium/com/Facebook.java -->
  </suite> <!-- All Test Suite -->
</testng-results>
