<?xml version="1.0" encoding="UTF-8"?>
<testng-results skipped="0" failed="0" ignored="0" total="5" passed="5">
  <reporter-output>
  </reporter-output>
  <suite name="All Test Suite" duration-ms="47" started-at="2021-12-02T16:38:40 MST" finished-at="2021-12-02T16:38:40 MST">
    <groups>
    </groups>
    <test name="Test1" duration-ms="47" started-at="2021-12-02T16:38:40 MST" finished-at="2021-12-02T16:38:40 MST">
      <class name="org.learningselenium.com.InvocCount">
        <test-method status="PASS" signature="methodA()[pri:0, instance:org.learningselenium.com.InvocCount@1ec318]" name="methodA" duration-ms="0" started-at="2021-12-02T16:38:40 MST" finished-at="2021-12-02T16:38:40 MST">
          <reporter-output>
          </reporter-output>
        </test-method> <!-- methodA -->
        <test-method status="PASS" signature="methodA()[pri:0, instance:org.learningselenium.com.InvocCount@1ec318]" name="methodA" duration-ms="0" started-at="2021-12-02T16:38:40 MST" finished-at="2021-12-02T16:38:40 MST">
          <reporter-output>
          </reporter-output>
        </test-method> <!-- methodA -->
        <test-method status="PASS" signature="methodA()[pri:0, instance:org.learningselenium.com.InvocCount@1ec318]" name="methodA" duration-ms="0" started-at="2021-12-02T16:38:40 MST" finished-at="2021-12-02T16:38:40 MST">
          <reporter-output>
          </reporter-output>
        </test-method> <!-- methodA -->
        <test-method status="PASS" signature="methodB()[pri:0, instance:org.learningselenium.com.InvocCount@1ec318]" name="methodB" duration-ms="0" started-at="2021-12-02T16:38:40 MST" finished-at="2021-12-02T16:38:40 MST">
          <reporter-output>
          </reporter-output>
        </test-method> <!-- methodB -->
        <test-method status="PASS" signature="methodA()[pri:0, instance:org.learningselenium.com.InvocCount@1ec318]" name="methodA" duration-ms="0" started-at="2021-12-02T16:38:40 MST" finished-at="2021-12-02T16:38:40 MST">
          <reporter-output>
          </reporter-output>
        </test-method> <!-- methodA -->
      </class> <!-- org.learningselenium.com.InvocCount -->
    </test> <!-- Test1 -->
  </suite> <!-- All Test Suite -->
</testng-results>
