<?xml version="1.0" encoding="UTF-8"?>
<!-- Generated by org.testng.reporters.JUnitXMLReporter -->
<testsuite hostname="vinz" ignored="0" name="Test1" tests="5" failures="0" timestamp="2021-12-02T16:38:40 MST" time="0.047" errors="0">
  <testcase name="methodA" time="0.0" classname="org.learningselenium.com.InvocCount"/>
  <testcase name="methodA" time="0.0" classname="org.learningselenium.com.InvocCount"/>
  <testcase name="methodA" time="0.0" classname="org.learningselenium.com.InvocCount"/>
  <testcase name="methodA" time="0.0" classname="org.learningselenium.com.InvocCount"/>
  <testcase name="methodB" time="0.0" classname="org.learningselenium.com.InvocCount"/>
</testsuite> <!-- Test1 -->
